[debug] [2024-11-04T03:20:01.665Z] ----------------------------------------------------------------------
[debug] [2024-11-04T03:20:01.670Z] Command:       C:\Program Files\nodejs\node.exe C:\Users\Apex\AppData\Roaming\npm\node_modules\firebase-tools\lib\bin\firebase.js init
[debug] [2024-11-04T03:20:01.671Z] CLI Version:   13.23.1
[debug] [2024-11-04T03:20:01.671Z] Platform:      win32
[debug] [2024-11-04T03:20:01.671Z] Node Version:  v20.17.0
[debug] [2024-11-04T03:20:01.671Z] Time:          Mon Nov 04 2024 08:20:01 GMT+0500 (Pakistan Standard Time)
[debug] [2024-11-04T03:20:01.671Z] ----------------------------------------------------------------------
[debug] 
[debug] [2024-11-04T03:20:01.764Z] > command requires scopes: ["email","openid","https://www.googleapis.com/auth/cloudplatformprojects.readonly","https://www.googleapis.com/auth/firebase","https://www.googleapis.com/auth/cloud-platform"]
[debug] [2024-11-04T03:20:01.765Z] > authorizing via signed-in user (mahadwebdev@gmail.com)
[info] 
     ######## #### ########  ######## ########     ###     ######  ########
     ##        ##  ##     ## ##       ##     ##  ##   ##  ##       ##
     ######    ##  ########  ######   ########  #########  ######  ######
     ##        ##  ##    ##  ##       ##     ## ##     ##       ## ##
     ##       #### ##     ## ######## ########  ##     ##  ######  ########

You're about to initialize a Firebase project in this directory:

  E:\vs code\MASS IT Assingments\React\Hackathon Collaborative notes

Before we get started, keep in mind:

  * You are initializing within an existing Firebase project directory

[info] 
=== Project Setup
[info] 
[info] First, let's associate this project directory with a Firebase project.
[info] You can create multiple project aliases by running firebase use --add, 
[info] but for now we'll just set up a default project.
[info] 
[debug] [2024-11-04T03:20:11.560Z] Using project from CLI flag: react-firebase-7
[debug] [2024-11-04T03:20:11.562Z] Checked if tokens are valid: true, expires at: 1730693373345
[debug] [2024-11-04T03:20:11.562Z] Checked if tokens are valid: true, expires at: 1730693373345
[debug] [2024-11-04T03:20:11.565Z] >>> [apiv2][query] GET https://firebase.googleapis.com/v1beta1/projects/react-firebase-7 [none]
[debug] [2024-11-04T03:20:12.322Z] <<< [apiv2][status] GET https://firebase.googleapis.com/v1beta1/projects/react-firebase-7 403
[debug] [2024-11-04T03:20:12.323Z] <<< [apiv2][body] GET https://firebase.googleapis.com/v1beta1/projects/react-firebase-7 {"error":{"code":403,"message":"The caller does not have permission","status":"PERMISSION_DENIED"}}
[debug] [2024-11-04T03:20:12.324Z] Request to https://firebase.googleapis.com/v1beta1/projects/react-firebase-7 had HTTP Error: 403, The caller does not have permission
[debug] [2024-11-04T03:20:12.798Z] FirebaseError: Request to https://firebase.googleapis.com/v1beta1/projects/react-firebase-7 had HTTP Error: 403, The caller does not have permission
    at responseToError (C:\Users\Apex\AppData\Roaming\npm\node_modules\firebase-tools\lib\responseToError.js:52:12)
    at RetryOperation._fn (C:\Users\Apex\AppData\Roaming\npm\node_modules\firebase-tools\lib\apiv2.js:312:77)
    at process.processTicksAndRejections (node:internal/process/task_queues:95:5)
[error] 
[error] Error: Failed to get Firebase project react-firebase-7. Please make sure the project exists and your account has permission to access it.
